Unity Editor version:    2021.2.16f1 (559fc0ec6670)
Branch:                  2021.2/staging
Build type:              Release
Batch mode:              YES
macOS version:           Version 11.6.4 (Build 20G417)
Darwin version:          20.6.0
Architecture:            x86_64
Running under Rosetta:   NO
Available memory:        32768 MB
Using pre-set license
Pro License: YES

COMMAND LINE ARGUMENTS:
/Applications/Unity/Hub/Editor/2021.2.16f1/Unity.app/Contents/MacOS/Unity
-adb2
-batchMode
-noUpm
-name
AssetImportWorker1
-projectPath
/Users/caseymanning/Documents/artstudi169/Payphone
-logFile
Logs/AssetImportWorker1.log
-srvPort
61056
Successfully changed project path to: /Users/caseymanning/Documents/artstudi169/Payphone
/Users/caseymanning/Documents/artstudi169/Payphone
[UnityMemory] Configuration Parameters - Can be set up in boot.config
    "memorysetup-bucket-allocator-granularity=16"
    "memorysetup-bucket-allocator-bucket-count=8"
    "memorysetup-bucket-allocator-block-size=33554432"
    "memorysetup-bucket-allocator-block-count=8"
    "memorysetup-main-allocator-block-size=16777216"
    "memorysetup-thread-allocator-block-size=16777216"
    "memorysetup-gfx-main-allocator-block-size=16777216"
    "memorysetup-gfx-thread-allocator-block-size=16777216"
    "memorysetup-cache-allocator-block-size=4194304"
    "memorysetup-typetree-allocator-block-size=2097152"
    "memorysetup-profiler-bucket-allocator-granularity=16"
    "memorysetup-profiler-bucket-allocator-bucket-count=8"
    "memorysetup-profiler-bucket-allocator-block-size=33554432"
    "memorysetup-profiler-bucket-allocator-block-count=8"
    "memorysetup-profiler-allocator-block-size=16777216"
    "memorysetup-profiler-editor-allocator-block-size=1048576"
    "memorysetup-temp-allocator-size-main=16777216"
    "memorysetup-job-temp-allocator-block-size=2097152"
    "memorysetup-job-temp-allocator-block-size-background=1048576"
    "memorysetup-job-temp-allocator-reduction-small-platforms=262144"
    "memorysetup-temp-allocator-size-background-worker=32768"
    "memorysetup-temp-allocator-size-job-worker=262144"
    "memorysetup-temp-allocator-size-preload-manager=33554432"
    "memorysetup-temp-allocator-size-nav-mesh-worker=65536"
    "memorysetup-temp-allocator-size-audio-worker=65536"
    "memorysetup-temp-allocator-size-cloud-worker=32768"
    "memorysetup-temp-allocator-size-gi-baking-worker=262144"
    "memorysetup-temp-allocator-size-gfx=262144"
Refreshing native plugins compatible for Editor in 153.67 ms, found 3 plugins.
Preloading 1 native plugins for Editor in 7.83 ms.
Initialize engine version: 2021.2.16f1 (559fc0ec6670)
[Subsystems] Discovering subsystems at path /Applications/Unity/Hub/Editor/2021.2.16f1/Unity.app/Contents/Resources/UnitySubsystems
[Subsystems] Discovering subsystems at path /Users/caseymanning/Documents/artstudi169/Payphone/Assets
GfxDevice: creating device client; threaded=0; jobified=0
LG UltraFine preferred device: Intel(R) Iris(TM) Plus Graphics (low power)
Metal devices available: 1
0: Intel(R) Iris(TM) Plus Graphics (low power)
Using device Intel(R) Iris(TM) Plus Graphics (low power)
Initializing Metal device caps: Intel(R) Iris(TM) Plus Graphics
Initialize mono
Mono path[0] = '/Applications/Unity/Hub/Editor/2021.2.16f1/Unity.app/Contents/Managed'
Mono path[1] = '/Applications/Unity/Hub/Editor/2021.2.16f1/Unity.app/Contents/MonoBleedingEdge/lib/mono/unityjit-macos'
Mono config path = '/Applications/Unity/Hub/Editor/2021.2.16f1/Unity.app/Contents/MonoBleedingEdge/etc'
Using monoOptions --debugger-agent=transport=dt_socket,embedding=1,server=y,suspend=n,address=127.0.0.1:56439
Begin MonoManager ReloadAssembly
Registering precompiled unity dll's ...
Register platform support module: /Applications/Unity/Hub/Editor/2021.2.16f1/Unity.app/Contents/PlaybackEngines/MacStandaloneSupport/UnityEditor.OSXStandalone.Extensions.dll
Register platform support module: /Applications/Unity/Hub/Editor/2021.2.16f1/PlaybackEngines/AndroidPlayer/UnityEditor.Android.Extensions.dll
Registered in 0.004600 seconds.
Native extension for Android target not found
Native extension for OSXStandalone target not found
Refreshing native plugins compatible for Editor in 121.77 ms, found 3 plugins.
Preloading 1 native plugins for Editor in 0.55 ms.
Mono: successfully reloaded assembly
- Completed reload, in  0.988 seconds
Domain Reload Profiling:
	ReloadAssembly (989ms)
		BeginReloadAssembly (139ms)
			ExecutionOrderSort (0ms)
			DisableScriptedObjects (0ms)
			BackupInstance (0ms)
			ReleaseScriptingObjects (0ms)
			CreateAndSetChildDomain (1ms)
		EndReloadAssembly (681ms)
			LoadAssemblies (142ms)
			RebuildTransferFunctionScriptingTraits (0ms)
			SetupTypeCache (184ms)
			ReleaseScriptCaches (0ms)
			RebuildScriptCaches (41ms)
			SetupLoadedEditorAssemblies (390ms)
				LogAssemblyErrors (0ms)
				InitializePlatformSupportModulesInManaged (68ms)
				SetLoadedEditorAssemblies (0ms)
				RefreshPlugins (122ms)
				BeforeProcessingInitializeOnLoad (1ms)
				ProcessInitializeOnLoadAttributes (137ms)
				ProcessInitializeOnLoadMethodAttributes (61ms)
				AfterProcessingInitializeOnLoad (0ms)
				EditorAssembliesLoaded (0ms)
			ExecutionOrderSort2 (0ms)
			AwakeInstancesAfterBackupRestoration (0ms)
Platform modules already initialized, skipping
Registering precompiled user dll's ...
Registered in 0.004181 seconds.
Begin MonoManager ReloadAssembly
Symbol file LoadedFromMemory doesn't match image /Users/caseymanning/Documents/artstudi169/Payphone/Library/PackageCache/com.unity.visualscripting@1.7.6/Editor/VisualScripting.Core/Dependencies/YamlDotNet/Unity.VisualScripting.YamlDotNet.dll
Symbol file LoadedFromMemory doesn't match image /Users/caseymanning/Documents/artstudi169/Payphone/Library/PackageCache/com.unity.visualscripting@1.7.6/Editor/VisualScripting.Core/Dependencies/DotNetZip/Unity.VisualScripting.IonicZip.dll
Native extension for Android target not found
Native extension for OSXStandalone target not found
Refreshing native plugins compatible for Editor in 145.56 ms, found 3 plugins.
Preloading 1 native plugins for Editor in 0.58 ms.
Package Manager log level set to [2]
Mono: successfully reloaded assembly
- Completed reload, in  4.658 seconds
Domain Reload Profiling:
	ReloadAssembly (4659ms)
		BeginReloadAssembly (259ms)
			ExecutionOrderSort (0ms)
			DisableScriptedObjects (7ms)
			BackupInstance (0ms)
			ReleaseScriptingObjects (0ms)
			CreateAndSetChildDomain (156ms)
		EndReloadAssembly (4235ms)
			LoadAssemblies (150ms)
			RebuildTransferFunctionScriptingTraits (0ms)
			SetupTypeCache (432ms)
			ReleaseScriptCaches (10ms)
			RebuildScriptCaches (98ms)
			SetupLoadedEditorAssemblies (3457ms)
				LogAssemblyErrors (0ms)
				InitializePlatformSupportModulesInManaged (13ms)
				SetLoadedEditorAssemblies (0ms)
				RefreshPlugins (146ms)
				BeforeProcessingInitializeOnLoad (124ms)
				ProcessInitializeOnLoadAttributes (3054ms)
				ProcessInitializeOnLoadMethodAttributes (118ms)
				AfterProcessingInitializeOnLoad (2ms)
				EditorAssembliesLoaded (0ms)
			ExecutionOrderSort2 (0ms)
			AwakeInstancesAfterBackupRestoration (4ms)
Platform modules already initialized, skipping
========================================================================
Worker process is ready to serve import requests
Launching external process: /Applications/Unity/Hub/Editor/2021.2.16f1/Unity.app/Contents/Tools/UnityShaderCompiler
Launched and connected shader compiler UnityShaderCompiler after 0.02 seconds
Refreshing native plugins compatible for Editor in 0.91 ms, found 3 plugins.
Preloading 1 native plugins for Editor in 0.52 ms.
Unloading 5634 Unused Serialized files (Serialized files now loaded: 0)
Unloading 36 unused Assets / (467.4 KB). Loaded Objects now: 6093.
Memory consumption went from 361.4 MB to 361.0 MB.
Total: 4.863219 ms (FindLiveObjects: 0.432269 ms CreateObjectMapping: 0.302772 ms MarkObjects: 3.728135 ms  DeleteObjects: 0.398466 ms)

AssetImportParameters requested are different than current active one (requested -> active):
  custom:video-decoder-ogg-theora: a1e56fd34408186e4bbccfd4996cb3dc -> 
  custom:container-muxer-webm: aa71ff27fc2769a1b78a27578f13a17b -> 
  custom:container-demuxer-webm: 4f35f7cbe854078d1ac9338744f61a02 -> 
  custom:video-encoder-webm-vp8: eb34c28f22e8b96e1ab97ce403110664 -> 
  custom:framework-osx-AVFoundation: e770b220cccbd017edd2c1fefb359320 -> 
  custom:audio-encoder-webm-vorbis: bf7c407c2cedff20999df2af8eb42d56 -> 
  custom:container-demuxer-ogg: 62fdf1f143b41e24485cea50d1cbac27 -> 
  custom:video-decoder-webm-vp8: 9c59270c3fd7afecdb556c50c9e8de78 -> 
  custom:audio-decoder-ogg-vorbis: bf7c407c2cedff20999df2af8eb42d56 -> 
========================================================================
Received Import Request.
  Time since last request: 14468.538810 seconds.
  path: Assets/power_box_01_1k.blend
  artifactKey: Guid(6e713d2f208ed4f03b1fffb0b9fa471e) Importer(815301076,1909f56bfc062723c751e8b465ee728b)
Start importing Assets/power_box_01_1k.blend using Guid(6e713d2f208ed4f03b1fffb0b9fa471e) Importer(815301076,1909f56bfc062723c751e8b465ee728b)  -> (artifact id: 'a449855913273519e6c94c3ffd4a0b3f') in 3.006106 seconds 
========================================================================
Received Import Request.
  Time since last request: 17.820196 seconds.
  path: Assets/textures/power_box_01_metal_1k.exr
  artifactKey: Guid(f31f566ff305c4ea994e2f70df0add63) Importer(815301076,1909f56bfc062723c751e8b465ee728b)
Start importing Assets/textures/power_box_01_metal_1k.exr using Guid(f31f566ff305c4ea994e2f70df0add63) Importer(815301076,1909f56bfc062723c751e8b465ee728b) WARNING: RGBA Compressed ASTC6X6 sRGB format is not supported, decompressing texture
 -> (artifact id: '3968f474de5a0a1e05666ee96d484cd2') in 2.863931 seconds 
========================================================================
Received Import Request.
  Time since last request: 0.238064 seconds.
  path: Assets/textures/power_box_01_rough_1k.exr
  artifactKey: Guid(977e69dbaa9ae4e3daa2e47d773ff4b7) Importer(815301076,1909f56bfc062723c751e8b465ee728b)
Start importing Assets/textures/power_box_01_rough_1k.exr using Guid(977e69dbaa9ae4e3daa2e47d773ff4b7) Importer(815301076,1909f56bfc062723c751e8b465ee728b) WARNING: RGBA Compressed ASTC6X6 sRGB format is not supported, decompressing texture
 -> (artifact id: 'f8007b850d1701309179a3f474721f6d') in 0.055876 seconds 
========================================================================
Received Import Request.
  Time since last request: 165.239250 seconds.
  path: Assets/Television_01_1k.fbx
  artifactKey: Guid(60646ed7bc8924743845f52876818c51) Importer(815301076,1909f56bfc062723c751e8b465ee728b)
Start importing Assets/Television_01_1k.fbx using Guid(60646ed7bc8924743845f52876818c51) Importer(815301076,1909f56bfc062723c751e8b465ee728b) WARNING: RGBA Compressed ASTC6X6 sRGB format is not supported, decompressing texture
WARNING: RGBA Compressed ASTC6X6 UNorm format is not supported, decompressing texture
 -> (artifact id: 'e5ebc0560e0e082c42a7fc735d942aed') in 1.069923 seconds 
========================================================================
Received Import Request.
  Time since last request: 271.425777 seconds.
  path: Assets/textures/barrel_03_metal_1k.exr
  artifactKey: Guid(8a0c627922fe346deb276fda73d20c6b) Importer(815301076,1909f56bfc062723c751e8b465ee728b)
Start importing Assets/textures/barrel_03_metal_1k.exr using Guid(8a0c627922fe346deb276fda73d20c6b) Importer(815301076,1909f56bfc062723c751e8b465ee728b) WARNING: RGBA Compressed ASTC6X6 sRGB format is not supported, decompressing texture
 -> (artifact id: 'f500c989382e5f40ba65637d83e49374') in 0.071926 seconds 
========================================================================
Received Import Request.
  Time since last request: 0.000089 seconds.
  path: Assets/textures/barrel_03_rough_1k.jpg
  artifactKey: Guid(39c34e2e0958f4a7487594503c513029) Importer(815301076,1909f56bfc062723c751e8b465ee728b)
Start importing Assets/textures/barrel_03_rough_1k.jpg using Guid(39c34e2e0958f4a7487594503c513029) Importer(815301076,1909f56bfc062723c751e8b465ee728b) WARNING: RGBA Compressed ASTC6X6 sRGB format is not supported, decompressing texture
 -> (artifact id: '4ca59d05ab6b7eaab3b37de12a9bc77c') in 1.121527 seconds 
========================================================================
Received Import Request.
  Time since last request: 4249.011753 seconds.
  path: Assets/textures/modular_industrial_pipes_01_group01_metal_1k.png
  artifactKey: Guid(3ccd5ac39e92345368ff75a32dd336a4) Importer(815301076,1909f56bfc062723c751e8b465ee728b)
Start importing Assets/textures/modular_industrial_pipes_01_group01_metal_1k.png using Guid(3ccd5ac39e92345368ff75a32dd336a4) Importer(815301076,1909f56bfc062723c751e8b465ee728b) WARNING: RGBA Compressed ASTC6X6 sRGB format is not supported, decompressing texture
 -> (artifact id: '921d9a2fe5def38d9cecab541fa3edaa') in 2.392625 seconds 
========================================================================
Received Import Request.
  Time since last request: 1.791899 seconds.
  path: Assets/textures/modular_industrial_pipes_01_group01_rough_1k.png
  artifactKey: Guid(2fc966223750f43febb6d5766ee8a985) Importer(815301076,1909f56bfc062723c751e8b465ee728b)
Start importing Assets/textures/modular_industrial_pipes_01_group01_rough_1k.png using Guid(2fc966223750f43febb6d5766ee8a985) Importer(815301076,1909f56bfc062723c751e8b465ee728b) WARNING: RGBA Compressed ASTC6X6 sRGB format is not supported, decompressing texture
 -> (artifact id: 'ecbc275e04f8ae06387fb24889c953ea') in 0.084518 seconds 
========================================================================
Received Import Request.
  Time since last request: 0.000112 seconds.
  path: Assets/textures/modular_industrial_pipes_01_group02_nor_gl_1k.png
  artifactKey: Guid(a0f533e5eac774596b1d5a73069f5437) Importer(815301076,1909f56bfc062723c751e8b465ee728b)
Start importing Assets/textures/modular_industrial_pipes_01_group02_nor_gl_1k.png using Guid(a0f533e5eac774596b1d5a73069f5437) Importer(815301076,1909f56bfc062723c751e8b465ee728b) WARNING: RGBA Compressed ASTC6X6 UNorm format is not supported, decompressing texture
 -> (artifact id: 'c8c612ecb52c58d05e586d401e31e4e2') in 0.041860 seconds 
========================================================================
Received Import Request.
  Time since last request: 0.000152 seconds.
  path: Assets/textures/modular_industrial_pipes_01_group02_diff_1k.png
  artifactKey: Guid(f9d0b56273fc34306b74b97c46729c5e) Importer(815301076,1909f56bfc062723c751e8b465ee728b)
Start importing Assets/textures/modular_industrial_pipes_01_group02_diff_1k.png using Guid(f9d0b56273fc34306b74b97c46729c5e) Importer(815301076,1909f56bfc062723c751e8b465ee728b) WARNING: RGBA Compressed ASTC6X6 sRGB format is not supported, decompressing texture
 -> (artifact id: '8181299a415e15385f7b6b6d433a4eed') in 0.068776 seconds 
========================================================================
Received Import Request.
  Time since last request: 48.953151 seconds.
  path: Assets/textures/modular_industrial_pipes_01_group02.mat
  artifactKey: Guid(070bc7fe048444f4fa8f8635f8a33b3f) Importer(815301076,1909f56bfc062723c751e8b465ee728b)
Start importing Assets/textures/modular_industrial_pipes_01_group02.mat using Guid(070bc7fe048444f4fa8f8635f8a33b3f) Importer(815301076,1909f56bfc062723c751e8b465ee728b) WARNING: RGBA Compressed ASTC6X6 sRGB format is not supported, decompressing texture
WARNING: RGBA Compressed ASTC6X6 UNorm format is not supported, decompressing texture
 -> (artifact id: '5c0199e95da428a162801a065075a618') in 0.446431 seconds 
========================================================================
Received Import Request.
  Time since last request: 233.856474 seconds.
  path: Assets/textures/modular_industrial_pipes_01_group02.mat
  artifactKey: Guid(070bc7fe048444f4fa8f8635f8a33b3f) Importer(815301076,1909f56bfc062723c751e8b465ee728b)
Start importing Assets/textures/modular_industrial_pipes_01_group02.mat using Guid(070bc7fe048444f4fa8f8635f8a33b3f) Importer(815301076,1909f56bfc062723c751e8b465ee728b) WARNING: RGBA Compressed ASTC6X6 sRGB format is not supported, decompressing texture
WARNING: RGBA Compressed ASTC6X6 UNorm format is not supported, decompressing texture
WARNING: RGBA Compressed ASTC6X6 sRGB format is not supported, decompressing texture
 -> (artifact id: '886051cdc74233e5afc2d688f94d70da') in 0.777564 seconds 
========================================================================
Received Import Request.
  Time since last request: 543.903022 seconds.
  path: Assets/textures/large_sandstone_blocks_disp_1k.png
  artifactKey: Guid(0b45273e92a2b4571a0331bfe9ae550d) Importer(815301076,1909f56bfc062723c751e8b465ee728b)
Start importing Assets/textures/large_sandstone_blocks_disp_1k.png using Guid(0b45273e92a2b4571a0331bfe9ae550d) Importer(815301076,1909f56bfc062723c751e8b465ee728b) WARNING: RGBA Compressed ASTC6X6 sRGB format is not supported, decompressing texture
 -> (artifact id: '17b0dd9f3bcd67b706a28d4057ad5c62') in 0.053187 seconds 
========================================================================
Received Import Request.
  Time since last request: 0.000107 seconds.
  path: Assets/textures/large_sandstone_blocks_rough_1k.exr
  artifactKey: Guid(7c498dcf5e998407980fa41398af62ba) Importer(815301076,1909f56bfc062723c751e8b465ee728b)
Start importing Assets/textures/large_sandstone_blocks_rough_1k.exr using Guid(7c498dcf5e998407980fa41398af62ba) Importer(815301076,1909f56bfc062723c751e8b465ee728b) WARNING: RGBA Compressed ASTC6X6 sRGB format is not supported, decompressing texture
 -> (artifact id: '102b246085e4313277bbd5c7c9ac3dc3') in 0.077446 seconds 
========================================================================
Received Prepare
Registering precompiled user dll's ...
Registered in 0.003180 seconds.
Begin MonoManager ReloadAssembly
Symbol file LoadedFromMemory doesn't match image /Users/caseymanning/Documents/artstudi169/Payphone/Library/PackageCache/com.unity.visualscripting@1.7.6/Editor/VisualScripting.Core/Dependencies/YamlDotNet/Unity.VisualScripting.YamlDotNet.dll
Symbol file LoadedFromMemory doesn't match image /Users/caseymanning/Documents/artstudi169/Payphone/Library/PackageCache/com.unity.visualscripting@1.7.6/Editor/VisualScripting.Core/Dependencies/DotNetZip/Unity.VisualScripting.IonicZip.dll
Native extension for Android target not found
Native extension for OSXStandalone target not found
Refreshing native plugins compatible for Editor in 1.03 ms, found 3 plugins.
Preloading 1 native plugins for Editor in 0.56 ms.
Mono: successfully reloaded assembly
- Completed reload, in  1.733 seconds
Domain Reload Profiling:
	ReloadAssembly (1733ms)
		BeginReloadAssembly (259ms)
			ExecutionOrderSort (0ms)
			DisableScriptedObjects (15ms)
			BackupInstance (0ms)
			ReleaseScriptingObjects (0ms)
			CreateAndSetChildDomain (143ms)
		EndReloadAssembly (1342ms)
			LoadAssemblies (97ms)
			RebuildTransferFunctionScriptingTraits (0ms)
			SetupTypeCache (404ms)
			ReleaseScriptCaches (2ms)
			RebuildScriptCaches (66ms)
			SetupLoadedEditorAssemblies (659ms)
				LogAssemblyErrors (0ms)
				InitializePlatformSupportModulesInManaged (20ms)
				SetLoadedEditorAssemblies (1ms)
				RefreshPlugins (2ms)
				BeforeProcessingInitializeOnLoad (76ms)
				ProcessInitializeOnLoadAttributes (465ms)
				ProcessInitializeOnLoadMethodAttributes (94ms)
				AfterProcessingInitializeOnLoad (2ms)
				EditorAssembliesLoaded (0ms)
			ExecutionOrderSort2 (0ms)
			AwakeInstancesAfterBackupRestoration (22ms)
Platform modules already initialized, skipping
Refreshing native plugins compatible for Editor in 2.69 ms, found 3 plugins.
Preloading 1 native plugins for Editor in 0.48 ms.
Unloading 5507 Unused Serialized files (Serialized files now loaded: 0)
Unloading 26 unused Assets / (436.8 KB). Loaded Objects now: 6194.
Memory consumption went from 413.0 MB to 412.6 MB.
Total: 5.427541 ms (FindLiveObjects: 0.609106 ms CreateObjectMapping: 0.418035 ms MarkObjects: 3.977464 ms  DeleteObjects: 0.421474 ms)

AssetImportParameters requested are different than current active one (requested -> active):
  custom:video-decoder-ogg-theora: a1e56fd34408186e4bbccfd4996cb3dc -> 
  custom:container-muxer-webm: aa71ff27fc2769a1b78a27578f13a17b -> 
  custom:container-demuxer-webm: 4f35f7cbe854078d1ac9338744f61a02 -> 
  custom:video-encoder-webm-vp8: eb34c28f22e8b96e1ab97ce403110664 -> 
  custom:framework-osx-AVFoundation: e770b220cccbd017edd2c1fefb359320 -> 
  custom:audio-encoder-webm-vorbis: bf7c407c2cedff20999df2af8eb42d56 -> 
  custom:container-demuxer-ogg: 62fdf1f143b41e24485cea50d1cbac27 -> 
  custom:video-decoder-webm-vp8: 9c59270c3fd7afecdb556c50c9e8de78 -> 
  custom:audio-decoder-ogg-vorbis: bf7c407c2cedff20999df2af8eb42d56 -> 
========================================================================
Received Prepare
Registering precompiled user dll's ...
Registered in 0.003460 seconds.
Begin MonoManager ReloadAssembly
Symbol file LoadedFromMemory doesn't match image /Users/caseymanning/Documents/artstudi169/Payphone/Library/PackageCache/com.unity.visualscripting@1.7.6/Editor/VisualScripting.Core/Dependencies/YamlDotNet/Unity.VisualScripting.YamlDotNet.dll
Symbol file LoadedFromMemory doesn't match image /Users/caseymanning/Documents/artstudi169/Payphone/Library/PackageCache/com.unity.visualscripting@1.7.6/Editor/VisualScripting.Core/Dependencies/DotNetZip/Unity.VisualScripting.IonicZip.dll
Native extension for Android target not found
Native extension for OSXStandalone target not found
Refreshing native plugins compatible for Editor in 0.94 ms, found 3 plugins.
Preloading 1 native plugins for Editor in 0.53 ms.
Mono: successfully reloaded assembly
- Completed reload, in  1.710 seconds
Domain Reload Profiling:
	ReloadAssembly (1710ms)
		BeginReloadAssembly (181ms)
			ExecutionOrderSort (0ms)
			DisableScriptedObjects (6ms)
			BackupInstance (0ms)
			ReleaseScriptingObjects (0ms)
			CreateAndSetChildDomain (93ms)
		EndReloadAssembly (1389ms)
			LoadAssemblies (79ms)
			RebuildTransferFunctionScriptingTraits (0ms)
			SetupTypeCache (419ms)
			ReleaseScriptCaches (2ms)
			RebuildScriptCaches (64ms)
			SetupLoadedEditorAssemblies (677ms)
				LogAssemblyErrors (0ms)
				InitializePlatformSupportModulesInManaged (23ms)
				SetLoadedEditorAssemblies (1ms)
				RefreshPlugins (2ms)
				BeforeProcessingInitializeOnLoad (81ms)
				ProcessInitializeOnLoadAttributes (476ms)
				ProcessInitializeOnLoadMethodAttributes (92ms)
				AfterProcessingInitializeOnLoad (2ms)
				EditorAssembliesLoaded (0ms)
			ExecutionOrderSort2 (0ms)
			AwakeInstancesAfterBackupRestoration (23ms)
Platform modules already initialized, skipping
Refreshing native plugins compatible for Editor in 1.94 ms, found 3 plugins.
Preloading 1 native plugins for Editor in 0.50 ms.
Unloading 5508 Unused Serialized files (Serialized files now loaded: 0)
Unloading 26 unused Assets / (444.8 KB). Loaded Objects now: 6198.
Memory consumption went from 413.3 MB to 412.8 MB.
Total: 5.295302 ms (FindLiveObjects: 0.627222 ms CreateObjectMapping: 0.420230 ms MarkObjects: 3.900389 ms  DeleteObjects: 0.346124 ms)

AssetImportParameters requested are different than current active one (requested -> active):
  custom:video-decoder-ogg-theora: a1e56fd34408186e4bbccfd4996cb3dc -> 
  custom:container-muxer-webm: aa71ff27fc2769a1b78a27578f13a17b -> 
  custom:container-demuxer-webm: 4f35f7cbe854078d1ac9338744f61a02 -> 
  custom:video-encoder-webm-vp8: eb34c28f22e8b96e1ab97ce403110664 -> 
  custom:framework-osx-AVFoundation: e770b220cccbd017edd2c1fefb359320 -> 
  custom:audio-encoder-webm-vorbis: bf7c407c2cedff20999df2af8eb42d56 -> 
  custom:container-demuxer-ogg: 62fdf1f143b41e24485cea50d1cbac27 -> 
  custom:video-decoder-webm-vp8: 9c59270c3fd7afecdb556c50c9e8de78 -> 
  custom:audio-decoder-ogg-vorbis: bf7c407c2cedff20999df2af8eb42d56 -> 
========================================================================
Received Import Request.
  Time since last request: 3216.527916 seconds.
  path: Assets/Samples
  artifactKey: Guid(75f264c00402b470ea0053977390cfb7) Importer(815301076,1909f56bfc062723c751e8b465ee728b)
Start importing Assets/Samples using Guid(75f264c00402b470ea0053977390cfb7) Importer(815301076,1909f56bfc062723c751e8b465ee728b)  -> (artifact id: '15a3501255f9326f801b79a6de4a8870') in 0.014456 seconds 
========================================================================
Received Import Request.
  Time since last request: 20.531371 seconds.
  path: Assets/XRI
  artifactKey: Guid(07c443900fca34cd493e2e6b6c18569b) Importer(815301076,1909f56bfc062723c751e8b465ee728b)
Start importing Assets/XRI using Guid(07c443900fca34cd493e2e6b6c18569b) Importer(815301076,1909f56bfc062723c751e8b465ee728b)  -> (artifact id: 'd31549f329ebb9aa6802a631cfedba52') in 0.002253 seconds 
